_XSERVTransmkdir: ERROR: euid != 0,directory /tmp/.X11-unix will not be created.

Xvnc TigerVNC 1.11.0 - built Nov 24 2020 19:41:47
Copyright (C) 1999-2020 TigerVNC Team and many others (see README.rst)
See https://www.tigervnc.org for information on TigerVNC.
Underlying X server release 12009000, The X.Org Foundation


Tue Sep 14 20:24:46 2021
 vncext:      VNC extension running!
 vncext:      Listening for VNC connections on all interface(s), port 16001
 vncext:      created VNC server for screen 0
The XKEYBOARD keymap compiler (xkbcomp) reports:
> Warning:          Could not resolve keysym XF86BrightnessAuto
> Warning:          Could not resolve keysym XF86DisplayOff
> Warning:          Could not resolve keysym XF86Info
> Warning:          Could not resolve keysym XF86AspectRatio
> Warning:          Could not resolve keysym XF86DVD
> Warning:          Could not resolve keysym XF86Audio
> Warning:          Could not resolve keysym XF86ChannelUp
> Warning:          Could not resolve keysym XF86ChannelDown
> Warning:          Could not resolve keysym XF86Break
> Warning:          Could not resolve keysym XF86VideoPhone
> Warning:          Could not resolve keysym XF86ZoomReset
> Warning:          Could not resolve keysym XF86Editor
> Warning:          Could not resolve keysym XF86GraphicsEditor
> Warning:          Could not resolve keysym XF86Presentation
> Warning:          Could not resolve keysym XF86Database
> Warning:          Could not resolve keysym XF86Voicemail
> Warning:          Could not resolve keysym XF86Addressbook
> Warning:          Could not resolve keysym XF86DisplayToggle
> Warning:          Could not resolve keysym XF86SpellCheck
> Warning:          Could not resolve keysym XF86ContextMenu
> Warning:          Could not resolve keysym XF86MediaRepeat
> Warning:          Could not resolve keysym XF8610ChannelsUp
> Warning:          Could not resolve keysym XF8610ChannelsDown
> Warning:          Could not resolve keysym XF86Images
> Warning:          Could not resolve keysym XF86NotificationCenter
> Warning:          Could not resolve keysym XF86PickupPhone
> Warning:          Could not resolve keysym XF86HangupPhone
> Warning:          Could not resolve keysym XF86Fn
> Warning:          Could not resolve keysym XF86Fn_Esc
> Warning:          Could not resolve keysym XF86FnRightShift
> Warning:          Could not resolve keysym XF86Numeric0
> Warning:          Could not resolve keysym XF86Numeric1
> Warning:          Could not resolve keysym XF86Numeric2
> Warning:          Could not resolve keysym XF86Numeric3
> Warning:          Could not resolve keysym XF86Numeric4
> Warning:          Could not resolve keysym XF86Numeric5
> Warning:          Could not resolve keysym XF86Numeric6
> Warning:          Could not resolve keysym XF86Numeric7
> Warning:          Could not resolve keysym XF86Numeric8
> Warning:          Could not resolve keysym XF86Numeric9
> Warning:          Could not resolve keysym XF86NumericStar
> Warning:          Could not resolve keysym XF86NumericPound
> Warning:          Could not resolve keysym XF86NumericA
> Warning:          Could not resolve keysym XF86NumericB
> Warning:          Could not resolve keysym XF86NumericC
> Warning:          Could not resolve keysym XF86NumericD
> Warning:          Could not resolve keysym XF86CameraFocus
> Warning:          Could not resolve keysym XF86WPSButton
> Warning:          Could not resolve keysym XF86CameraZoomIn
> Warning:          Could not resolve keysym XF86CameraZoomOut
> Warning:          Could not resolve keysym XF86CameraUp
> Warning:          Could not resolve keysym XF86CameraDown
> Warning:          Could not resolve keysym XF86CameraLeft
> Warning:          Could not resolve keysym XF86CameraRight
> Warning:          Could not resolve keysym XF86AttendantOn
> Warning:          Could not resolve keysym XF86AttendantOff
> Warning:          Could not resolve keysym XF86AttendantToggle
> Warning:          Could not resolve keysym XF86LightsToggle
> Warning:          Could not resolve keysym XF86ALSToggle
> Warning:          Could not resolve keysym XF86Buttonconfig
> Warning:          Could not resolve keysym XF86Taskmanager
> Warning:          Could not resolve keysym XF86Journal
> Warning:          Could not resolve keysym XF86ControlPanel
> Warning:          Could not resolve keysym XF86AppSelect
> Warning:          Could not resolve keysym XF86Screensaver
> Warning:          Could not resolve keysym XF86VoiceCommand
> Warning:          Could not resolve keysym XF86Assistant
> Warning:          Could not resolve keysym XF86BrightnessMin
> Warning:          Could not resolve keysym XF86BrightnessMax
> Warning:          Could not resolve keysym XF86KbdInputAssistPrev
> Warning:          Could not resolve keysym XF86KbdInputAssistNext
> Warning:          Could not resolve keysym XF86KbdInputAssistPrevgroup
> Warning:          Could not resolve keysym XF86KbdInputAssistNextgroup
> Warning:          Could not resolve keysym XF86KbdInputAssistAccept
> Warning:          Could not resolve keysym XF86KbdInputAssistCancel
> Warning:          Could not resolve keysym XF86RightUp
> Warning:          Could not resolve keysym XF86RightDown
> Warning:          Could not resolve keysym XF86LeftUp
> Warning:          Could not resolve keysym XF86LeftDown
> Warning:          Could not resolve keysym XF86RootMenu
> Warning:          Could not resolve keysym XF86MediaTopMenu
> Warning:          Could not resolve keysym XF86Numeric11
> Warning:          Could not resolve keysym XF86Numeric12
> Warning:          Could not resolve keysym XF86AudioDesc
> Warning:          Could not resolve keysym XF863DMode
> Warning:          Could not resolve keysym XF86NextFavorite
> Warning:          Could not resolve keysym XF86StopRecord
> Warning:          Could not resolve keysym XF86PauseRecord
> Warning:          Could not resolve keysym XF86VOD
> Warning:          Could not resolve keysym XF86Unmute
> Warning:          Could not resolve keysym XF86FastReverse
> Warning:          Could not resolve keysym XF86SlowReverse
> Warning:          Could not resolve keysym XF86Data
> Warning:          Could not resolve keysym XF86OnScreenKeyboard
> Warning:          Could not resolve keysym XF86PrivacyScreenToggle
> Warning:          Could not resolve keysym XF86SelectiveScreenshot
> Warning:          Could not resolve keysym XF86Macro1
> Warning:          Could not resolve keysym XF86Macro2
> Warning:          Could not resolve keysym XF86Macro3
> Warning:          Could not resolve keysym XF86Macro4
> Warning:          Could not resolve keysym XF86Macro5
> Warning:          Could not resolve keysym XF86Macro6
> Warning:          Could not resolve keysym XF86Macro7
> Warning:          Could not resolve keysym XF86Macro8
> Warning:          Could not resolve keysym XF86Macro9
> Warning:          Could not resolve keysym XF86Macro10
> Warning:          Could not resolve keysym XF86Macro11
> Warning:          Could not resolve keysym XF86Macro12
> Warning:          Could not resolve keysym XF86Macro13
> Warning:          Could not resolve keysym XF86Macro14
> Warning:          Could not resolve keysym XF86Macro15
> Warning:          Could not resolve keysym XF86Macro16
> Warning:          Could not resolve keysym XF86Macro17
> Warning:          Could not resolve keysym XF86Macro18
> Warning:          Could not resolve keysym XF86Macro19
> Warning:          Could not resolve keysym XF86Macro20
> Warning:          Could not resolve keysym XF86Macro21
> Warning:          Could not resolve keysym XF86Macro22
> Warning:          Could not resolve keysym XF86Macro23
> Warning:          Could not resolve keysym XF86Macro24
> Warning:          Could not resolve keysym XF86Macro25
> Warning:          Could not resolve keysym XF86Macro26
> Warning:          Could not resolve keysym XF86Macro27
> Warning:          Could not resolve keysym XF86Macro28
> Warning:          Could not resolve keysym XF86Macro29
> Warning:          Could not resolve keysym XF86Macro30
> Warning:          Could not resolve keysym XF86MacroRecordStart
> Warning:          Could not resolve keysym XF86MacroRecordStop
> Warning:          Could not resolve keysym XF86MacroPresetCycle
> Warning:          Could not resolve keysym XF86MacroPreset1
> Warning:          Could not resolve keysym XF86MacroPreset2
> Warning:          Could not resolve keysym XF86MacroPreset3
> Warning:          Could not resolve keysym XF86KbdLcdMenu1
> Warning:          Could not resolve keysym XF86KbdLcdMenu2
> Warning:          Could not resolve keysym XF86KbdLcdMenu3
> Warning:          Could not resolve keysym XF86KbdLcdMenu4
> Warning:          Could not resolve keysym XF86KbdLcdMenu5
Errors from xkbcomp are not fatal to the X server
Failed to connect to bus: $DBUS_SESSION_BUS_ADDRESS and $XDG_RUNTIME_DIR not defined (consider using --machine=<user>@.host --user to connect to bus of other user)
dbus-update-activation-environment: error: unable to connect to D-Bus: Using X11 for dbus-daemon autolaunch was disabled at compile time, set your DBUS_SESSION_BUS_ADDRESS instead
xsettingsd: Loaded 5 settings from /home/.xsettingsd
xsettingsd: Created window 0x400001 on screen 0 with timestamp 3188544821
xsettingsd: Selection _XSETTINGS_S0 is owned by 0x0
xsettingsd: Took ownership of selection _XSETTINGS_S0

Tue Sep 14 20:24:50 2021
 Connections: accepted: 127.0.0.1::56206
 SConnection: Client needs protocol version 3.7

Tue Sep 14 20:24:51 2021
 SConnection: Client requests security type None(1)
 VNCSConnST:  Server default pixel format depth 24 (32bpp) little-endian rgb888

ERROR: openbox-xdg-autostart requires PyXDG to be installed
 VNCSConnST:  Client pixel format depth 24 (32bpp) little-endian bgr888
 ComparingUpdateTracker: 598.584 kpixels in / 150.62 kpixels out
 ComparingUpdateTracker: (1:3.97413 ratio)

Tue Sep 14 20:24:57 2021
 VNCSConnST:  closing 127.0.0.1::56206: Clean disconnection
 EncodeManager: Framebuffer updates: 80
 EncodeManager:   Tight:
 EncodeManager:     Solid: 81 rects, 1.16061 Mpixels
 EncodeManager:            1.26562 KiB (1:3582.9 ratio)
 EncodeManager:     Bitmap RLE: 3 rects, 3.984 kpixels
 EncodeManager:                 117 B (1:136.513 ratio)
 EncodeManager:     Indexed RLE: 125 rects, 140.13 kpixels
 EncodeManager:                  29.1885 KiB (1:18.8036 ratio)
 EncodeManager:   Tight (JPEG):
 EncodeManager:     Full Colour: 46 rects, 170.823 kpixels
 EncodeManager:                  111.156 KiB (1:6.00791 ratio)
 EncodeManager:   Total: 255 rects, 1.47555 Mpixels
 EncodeManager:          141.725 KiB (1:40.6906 ratio)
 TcpSocket:   unable to get peer name for socket
 Connections: closed: ::0
 ComparingUpdateTracker: 5.32029 Mpixels in / 362.448 kpixels out
 ComparingUpdateTracker: (1:14.6788 ratio)
